<?xml version="1.0" encoding="UTF-8"?>
<!-- Generated by org.testng.reporters.JUnitReportReporter -->
<testsuite hostname="DESKTOP-B7K6OT8" failures="0" tests="1" name="sele1.mv2.NewTest2" time="0.006" errors="0" timestamp="5 May 2019 09:28:24 GMT">
  <testcase classname="sele1.mv2.NewTest2" name="f" time="0.006"/>
</testsuite> <!-- sele1.mv2.NewTest2 -->
